Exception information:

           Date: Apr 24, 2016 16:46PM

           Message: SQLSTATE[42000]: Syntax error or access violation: 1064 You have an error in your SQL syntax; check the manual that corresponds to your MariaDB server version for the right syntax to use near '' at line 1

           Code: 42000

           File: D:\Programy\xampp\htdocs\system\Helpers\Database.php

           Line: 102

           Stack trace:

           #0 D:\Programy\xampp\htdocs\system\Helpers\Database.php(102): PDOStatement->execute()
#1 D:\Programy\xampp\htdocs\app\Models\result.php(6): Helpers\Database->select('select ok.nazwa...')
#2 D:\Programy\xampp\htdocs\app\Controllers\wynik.php(36): App\models\result->getwyniki(NULL)
#3 D:\Programy\xampp\htdocs\app\Controllers\wynik.php(23): App\Controllers\wynik->renderwynik()
#4 [internal function]: App\Controllers\wynik->wynik()
#5 D:\Programy\xampp\htdocs\system\Core\Router.php(213): call_user_func_array(Array, Array)
#6 D:\Programy\xampp\htdocs\system\Core\Router.php(244): Core\Router->invokeController('App\\Controllers...', 'wynik', Array)
#7 D:\Programy\xampp\htdocs\system\Core\Router.php(281): Core\Router->invokeObject('App\\Controllers...', Array)
#8 D:\Programy\xampp\htdocs\app\Routes.php(94): Core\Router->dispatch()
#9 D:\Programy\xampp\htdocs\public\index.php(74): require('D:\\Programy\\xam...')
#10 {main}

           ---------

2016-04-24 16:56PM - Invalid argument supplied for foreach() in D:\Programy\xampp\htdocs\app\Templates\Default\header.php on line 39

2016-04-24 16:57PM - Invalid argument supplied for foreach() in D:\Programy\xampp\htdocs\app\Templates\Default\header.php on line 39

2016-04-24 17:29PM - Invalid argument supplied for foreach() in D:\Programy\xampp\htdocs\app\Templates\Default\header.php on line 39

2016-04-24 18:28PM - addcslashes() expects parameter 1 to be string, object given in D:\Programy\xampp\htdocs\app\Views\result\wynikGraf.php on line 10

2016-04-24 18:30PM - array_map(): Argument #2 should be an array in D:\Programy\xampp\htdocs\app\Views\result\wynikGraf.php on line 15

2016-04-24 18:30PM - array_map(): Argument #2 should be an array in D:\Programy\xampp\htdocs\app\Views\result\wynikGraf.php on line 15

2016-04-24 18:30PM - array_map(): Argument #2 should be an array in D:\Programy\xampp\htdocs\app\Views\result\wynikGraf.php on line 15

2016-04-24 18:30PM - array_map(): Argument #2 should be an array in D:\Programy\xampp\htdocs\app\Views\result\wynikGraf.php on line 15

Exception information:

           Date: Apr 24, 2016 18:41PM

           Message: SQLSTATE[42S22]: Column not found: 1054 Unknown column 'login' in 'field list'

           Code: 42S22

           File: D:\Programy\xampp\htdocs\system\Helpers\Database.php

           Line: 102

           Stack trace:

           #0 D:\Programy\xampp\htdocs\system\Helpers\Database.php(102): PDOStatement->execute()
#1 D:\Programy\xampp\htdocs\app\Models\result.php(16): Helpers\Database->select('select data_wyn...')
#2 D:\Programy\xampp\htdocs\app\Controllers\wynik.php(64): App\models\result->getwynikigraf()
#3 D:\Programy\xampp\htdocs\app\Controllers\wynik.php(50): App\Controllers\wynik->renderwynikGraf()
#4 [internal function]: App\Controllers\wynik->wynikGraf()
#5 D:\Programy\xampp\htdocs\system\Core\Router.php(213): call_user_func_array(Array, Array)
#6 D:\Programy\xampp\htdocs\system\Core\Router.php(244): Core\Router->invokeController('App\\Controllers...', 'wynikGraf', Array)
#7 D:\Programy\xampp\htdocs\system\Core\Router.php(281): Core\Router->invokeObject('App\\Controllers...', Array)
#8 D:\Programy\xampp\htdocs\app\Routes.php(94): Core\Router->dispatch()
#9 D:\Programy\xampp\htdocs\public\index.php(74): require('D:\\Programy\\xam...')
#10 {main}

           ---------

Exception information:

           Date: Apr 24, 2016 19:50PM

           Message: SQLSTATE[42000]: Syntax error or access violation: 1066 Not unique table/alias: 'konto'

           Code: 42000

           File: D:\Programy\xampp\htdocs\system\Helpers\Database.php

           Line: 102

           Stack trace:

           #0 D:\Programy\xampp\htdocs\system\Helpers\Database.php(102): PDOStatement->execute()
#1 D:\Programy\xampp\htdocs\app\Models\rights.php(12): Helpers\Database->select('SELECT konto.id...')
#2 D:\Programy\xampp\htdocs\app\Controllers\uprawnienia.php(135): App\models\rights->getLogins()
#3 D:\Programy\xampp\htdocs\app\Controllers\uprawnienia.php(59): App\Controllers\uprawnienia->renderuprawnieniaAdd()
#4 [internal function]: App\Controllers\uprawnienia->uprawnieniaAdd()
#5 D:\Programy\xampp\htdocs\system\Core\Router.php(213): call_user_func_array(Array, Array)
#6 D:\Programy\xampp\htdocs\system\Core\Router.php(244): Core\Router->invokeController('App\\Controllers...', 'uprawnieniaAdd', Array)
#7 D:\Programy\xampp\htdocs\system\Core\Router.php(281): Core\Router->invokeObject('App\\Controllers...', Array)
#8 D:\Programy\xampp\htdocs\app\Routes.php(94): Core\Router->dispatch()
#9 D:\Programy\xampp\htdocs\public\index.php(74): require('D:\\Programy\\xam...')
#10 {main}

           ---------

